<?xml version="1.0" encoding="UTF-8"?>
<!-- Generated by org.testng.reporters.JUnitXMLReporter -->
<testsuite ignored="0" hostname="Nishant" failures="0" tests="4" name="Default test" time="77.068" errors="0" timestamp="2026-06-11T15:17:29 IST">
  <testcase classname="tests.FlightBookingTest" name="verifyEndToEndFlightBooking" time="7.258"/>
  <testcase classname="tests.FlightBookingTest" name="verifyEndToEndFlightBooking" time="13.02"/>
  <testcase classname="tests.FlightBookingTest" name="verifyEndToEndFlightBooking" time="8.318"/>
  <testcase classname="tests.FlightBookingTest" name="verifyEndToEndFlightBooking" time="6.433"/>
</testsuite> <!-- Default test -->
