<?xml version="1.0" encoding="UTF-8"?>
<!-- Generated by org.testng.reporters.JUnitXMLReporter -->
<testsuite ignored="0" hostname="Nishant" failures="0" tests="4" name="Flight Booking Test" time="69.755" errors="0" timestamp="2026-06-10T23:19:25 IST">
  <testcase classname="tests.FlightBookingTest" name="verifyEndToEndFlightBooking" time="4.858"/>
  <testcase classname="tests.FlightBookingTest" name="verifyEndToEndFlightBooking" time="4.631"/>
  <testcase classname="tests.FlightBookingTest" name="verifyEndToEndFlightBooking" time="5.015"/>
  <testcase classname="tests.FlightBookingTest" name="verifyEndToEndFlightBooking" time="4.451"/>
</testsuite> <!-- Flight Booking Test -->
