<?xml version="1.0" encoding="UTF-8"?>
<testng-results ignored="0" total="1" passed="1" failed="0" skipped="0">
  <reporter-output>
  </reporter-output>
  <suite started-at="2026-06-08T15:31:07 IST" name="Default suite" finished-at="2026-06-08T15:31:41 IST" duration-ms="34458">
    <groups>
    </groups>
    <test started-at="2026-06-08T15:31:07 IST" name="Default test" finished-at="2026-06-08T15:31:41 IST" duration-ms="34458">
      <class name="tests.FlightBookingTest">
        <test-method is-config="true" signature="launchApp()[pri:0, instance:tests.FlightBookingTest@55b7a4e0]" started-at="2026-06-08T15:31:07 IST" name="launchApp" finished-at="2026-06-08T15:31:17 IST" duration-ms="10005" status="PASS">
          <reporter-output>
          </reporter-output>
        </test-method> <!-- launchApp -->
        <test-method signature="verifyEndToEndFlightBooking()[pri:0, instance:tests.FlightBookingTest@55b7a4e0]" started-at="2026-06-08T15:31:17 IST" name="verifyEndToEndFlightBooking" finished-at="2026-06-08T15:31:40 IST" duration-ms="23151" status="PASS">
          <reporter-output>
          </reporter-output>
        </test-method> <!-- verifyEndToEndFlightBooking -->
        <test-method is-config="true" signature="closeApp()[pri:0, instance:tests.FlightBookingTest@55b7a4e0]" started-at="2026-06-08T15:31:40 IST" name="closeApp" finished-at="2026-06-08T15:31:41 IST" duration-ms="1211" status="PASS">
          <reporter-output>
          </reporter-output>
        </test-method> <!-- closeApp -->
      </class> <!-- tests.FlightBookingTest -->
    </test> <!-- Default test -->
  </suite> <!-- Default suite -->
</testng-results>
