<?xml version="1.0" encoding="UTF-8"?>
<testng-results ignored="0" total="4" passed="4" failed="0" skipped="0">
  <reporter-output>
  </reporter-output>
  <suite started-at="2026-06-11T15:16:12 IST" name="Default suite" finished-at="2026-06-11T15:17:29 IST" duration-ms="77068">
    <groups>
    </groups>
    <test started-at="2026-06-11T15:16:12 IST" name="Default test" finished-at="2026-06-11T15:17:29 IST" duration-ms="77068">
      <class name="tests.FlightBookingTest">
        <test-method is-config="true" signature="launchApp()[pri:0, instance:tests.FlightBookingTest@6dc17b83]" started-at="2026-06-11T15:16:15 IST" name="launchApp" finished-at="2026-06-11T15:16:24 IST" duration-ms="9714" status="PASS">
          <reporter-output>
          </reporter-output>
        </test-method> <!-- launchApp -->
        <test-method signature="verifyEndToEndFlightBooking(java.lang.String,java.lang.String,java.lang.String,java.lang.String,java.lang.String,java.lang.String,java.lang.String,java.lang.String,java.lang.String,java.lang.String,java.lang.String,java.lang.String)[pri:0, instance:tests.FlightBookingTest@6dc17b83]" started-at="2026-06-11T15:16:24 IST" name="verifyEndToEndFlightBooking" data-provider="excelData" finished-at="2026-06-11T15:16:32 IST" duration-ms="7258" status="PASS">
          <params>
            <param index="0">
              <value>
                <![CDATA[Boston]]>
              </value>
            </param>
            <param index="1">
              <value>
                <![CDATA[London]]>
              </value>
            </param>
            <param index="2">
              <value>
                <![CDATA[Nishant Kumar]]>
              </value>
            </param>
            <param index="3">
              <value>
                <![CDATA[C-72 Pratap nagar]]>
              </value>
            </param>
            <param index="4">
              <value>
                <![CDATA[Jamshedpur]]>
              </value>
            </param>
            <param index="5">
              <value>
                <![CDATA[Jharkhand]]>
              </value>
            </param>
            <param index="6">
              <value>
                <![CDATA[831001]]>
              </value>
            </param>
            <param index="7">
              <value>
                <![CDATA[4.11111E+15]]>
              </value>
            </param>
            <param index="8">
              <value>
                <![CDATA[12]]>
              </value>
            </param>
            <param index="9">
              <value>
                <![CDATA[2028]]>
              </value>
            </param>
            <param index="10">
              <value>
                <![CDATA[Nishant Kumar]]>
              </value>
            </param>
            <param index="11">
              <value>
                <![CDATA[1]]>
              </value>
            </param>
          </params>
          <reporter-output>
          </reporter-output>
        </test-method> <!-- verifyEndToEndFlightBooking -->
        <test-method is-config="true" signature="closeApp()[pri:0, instance:tests.FlightBookingTest@6dc17b83]" started-at="2026-06-11T15:16:32 IST" name="closeApp" finished-at="2026-06-11T15:16:35 IST" duration-ms="2840" status="PASS">
          <reporter-output>
          </reporter-output>
        </test-method> <!-- closeApp -->
        <test-method is-config="true" signature="launchApp()[pri:0, instance:tests.FlightBookingTest@6dc17b83]" started-at="2026-06-11T15:16:35 IST" name="launchApp" finished-at="2026-06-11T15:16:46 IST" duration-ms="11095" status="PASS">
          <reporter-output>
          </reporter-output>
        </test-method> <!-- launchApp -->
        <test-method signature="verifyEndToEndFlightBooking(java.lang.String,java.lang.String,java.lang.String,java.lang.String,java.lang.String,java.lang.String,java.lang.String,java.lang.String,java.lang.String,java.lang.String,java.lang.String,java.lang.String)[pri:0, instance:tests.FlightBookingTest@6dc17b83]" started-at="2026-06-11T15:16:46 IST" name="verifyEndToEndFlightBooking" data-provider="excelData" finished-at="2026-06-11T15:16:59 IST" duration-ms="13020" status="PASS">
          <params>
            <param index="0">
              <value>
                <![CDATA[Paris]]>
              </value>
            </param>
            <param index="1">
              <value>
                <![CDATA[Rome]]>
              </value>
            </param>
            <param index="2">
              <value>
                <![CDATA[Prakash kumar]]>
              </value>
            </param>
            <param index="3">
              <value>
                <![CDATA[44b Co-opertaive]]>
              </value>
            </param>
            <param index="4">
              <value>
                <![CDATA[Ranchi]]>
              </value>
            </param>
            <param index="5">
              <value>
                <![CDATA[Jharkhand]]>
              </value>
            </param>
            <param index="6">
              <value>
                <![CDATA[827012]]>
              </value>
            </param>
            <param index="7">
              <value>
                <![CDATA[4.52898E+15]]>
              </value>
            </param>
            <param index="8">
              <value>
                <![CDATA[8]]>
              </value>
            </param>
            <param index="9">
              <value>
                <![CDATA[2031]]>
              </value>
            </param>
            <param index="10">
              <value>
                <![CDATA[Prakash Kumar]]>
              </value>
            </param>
            <param index="11">
              <value>
                <![CDATA[2]]>
              </value>
            </param>
          </params>
          <reporter-output>
          </reporter-output>
        </test-method> <!-- verifyEndToEndFlightBooking -->
        <test-method is-config="true" signature="closeApp()[pri:0, instance:tests.FlightBookingTest@6dc17b83]" started-at="2026-06-11T15:16:59 IST" name="closeApp" finished-at="2026-06-11T15:16:59 IST" duration-ms="424" status="PASS">
          <reporter-output>
          </reporter-output>
        </test-method> <!-- closeApp -->
        <test-method is-config="true" signature="launchApp()[pri:0, instance:tests.FlightBookingTest@6dc17b83]" started-at="2026-06-11T15:16:59 IST" name="launchApp" finished-at="2026-06-11T15:17:06 IST" duration-ms="7085" status="PASS">
          <reporter-output>
          </reporter-output>
        </test-method> <!-- launchApp -->
        <test-method signature="verifyEndToEndFlightBooking(java.lang.String,java.lang.String,java.lang.String,java.lang.String,java.lang.String,java.lang.String,java.lang.String,java.lang.String,java.lang.String,java.lang.String,java.lang.String,java.lang.String)[pri:0, instance:tests.FlightBookingTest@6dc17b83]" started-at="2026-06-11T15:17:06 IST" name="verifyEndToEndFlightBooking" data-provider="excelData" finished-at="2026-06-11T15:17:15 IST" duration-ms="8318" status="PASS">
          <params>
            <param index="0">
              <value>
                <![CDATA[Portland]]>
              </value>
            </param>
            <param index="1">
              <value>
                <![CDATA[London]]>
              </value>
            </param>
            <param index="2">
              <value>
                <![CDATA[Shubham kumar]]>
              </value>
            </param>
            <param index="3">
              <value>
                <![CDATA[beta 2]]>
              </value>
            </param>
            <param index="4">
              <value>
                <![CDATA[Noida]]>
              </value>
            </param>
            <param index="5">
              <value>
                <![CDATA[Uttarpradesh]]>
              </value>
            </param>
            <param index="6">
              <value>
                <![CDATA[201308]]>
              </value>
            </param>
            <param index="7">
              <value>
                <![CDATA[4.64567E+15]]>
              </value>
            </param>
            <param index="8">
              <value>
                <![CDATA[8]]>
              </value>
            </param>
            <param index="9">
              <value>
                <![CDATA[2032]]>
              </value>
            </param>
            <param index="10">
              <value>
                <![CDATA[Shubham kumar]]>
              </value>
            </param>
            <param index="11">
              <value>
                <![CDATA[3]]>
              </value>
            </param>
          </params>
          <reporter-output>
          </reporter-output>
        </test-method> <!-- verifyEndToEndFlightBooking -->
        <test-method is-config="true" signature="closeApp()[pri:0, instance:tests.FlightBookingTest@6dc17b83]" started-at="2026-06-11T15:17:15 IST" name="closeApp" finished-at="2026-06-11T15:17:15 IST" duration-ms="423" status="PASS">
          <reporter-output>
          </reporter-output>
        </test-method> <!-- closeApp -->
        <test-method is-config="true" signature="launchApp()[pri:0, instance:tests.FlightBookingTest@6dc17b83]" started-at="2026-06-11T15:17:15 IST" name="launchApp" finished-at="2026-06-11T15:17:23 IST" duration-ms="7621" status="PASS">
          <reporter-output>
          </reporter-output>
        </test-method> <!-- launchApp -->
        <test-method signature="verifyEndToEndFlightBooking(java.lang.String,java.lang.String,java.lang.String,java.lang.String,java.lang.String,java.lang.String,java.lang.String,java.lang.String,java.lang.String,java.lang.String,java.lang.String,java.lang.String)[pri:0, instance:tests.FlightBookingTest@6dc17b83]" started-at="2026-06-11T15:17:23 IST" name="verifyEndToEndFlightBooking" data-provider="excelData" finished-at="2026-06-11T15:17:29 IST" duration-ms="6433" status="PASS">
          <params>
            <param index="0">
              <value>
                <![CDATA[Mexico City]]>
              </value>
            </param>
            <param index="1">
              <value>
                <![CDATA[Dublin]]>
              </value>
            </param>
            <param index="2">
              <value>
                <![CDATA[Ravi singh]]>
              </value>
            </param>
            <param index="3">
              <value>
                <![CDATA[alpha2]]>
              </value>
            </param>
            <param index="4">
              <value>
                <![CDATA[Noida]]>
              </value>
            </param>
            <param index="5">
              <value>
                <![CDATA[Uttarpradesh]]>
              </value>
            </param>
            <param index="6">
              <value>
                <![CDATA[201310]]>
              </value>
            </param>
            <param index="7">
              <value>
                <![CDATA[5.67258E+15]]>
              </value>
            </param>
            <param index="8">
              <value>
                <![CDATA[11]]>
              </value>
            </param>
            <param index="9">
              <value>
                <![CDATA[2030]]>
              </value>
            </param>
            <param index="10">
              <value>
                <![CDATA[Ravi Singh]]>
              </value>
            </param>
            <param index="11">
              <value>
                <![CDATA[4]]>
              </value>
            </param>
          </params>
          <reporter-output>
          </reporter-output>
        </test-method> <!-- verifyEndToEndFlightBooking -->
        <test-method is-config="true" signature="closeApp()[pri:0, instance:tests.FlightBookingTest@6dc17b83]" started-at="2026-06-11T15:17:29 IST" name="closeApp" finished-at="2026-06-11T15:17:29 IST" duration-ms="472" status="PASS">
          <reporter-output>
          </reporter-output>
        </test-method> <!-- closeApp -->
      </class> <!-- tests.FlightBookingTest -->
    </test> <!-- Default test -->
  </suite> <!-- Default suite -->
</testng-results>
