<?xml version="1.0" encoding="UTF-8"?>
<!-- Generated by org.testng.reporters.JUnitReportReporter -->
<testsuite hostname="Nishant" failures="0" tests="4" name="tests.FlightBookingTest" time="74.703" errors="0" timestamp="2026-06-11T15:17:30 IST" skipped="0">
  <testcase classname="tests.FlightBookingTest" name="verifyEndToEndFlightBooking" time="19.885"/>
  <testcase classname="tests.FlightBookingTest" name="verifyEndToEndFlightBooking" time="14.767"/>
  <testcase classname="tests.FlightBookingTest" name="verifyEndToEndFlightBooking" time="21.064"/>
  <testcase classname="tests.FlightBookingTest" name="verifyEndToEndFlightBooking" time="18.987"/>
</testsuite> <!-- tests.FlightBookingTest -->
